<?xml version="1.0" encoding="UTF-8"?>
<robot generator="Robot 7.0 (Python 3.12.0 on win32)" generated="2024-02-27T12:28:08.087157" rpa="false" schemaversion="5">
<suite id="s1" name="Profile" source="d:\Desktop\artcrit-alpha\artcrit-early\test\profile.robot">
<kw name="Open Browser" owner="SeleniumLibrary" type="SETUP">
<msg time="2024-02-27T12:28:08.447260" level="INFO">Opening browser 'chrome' to base url 'http://localhost:3000'.</msg>
<arg>${URL}</arg>
<arg>chrome</arg>
<doc>Opens a new browser instance to the optional ``url``.</doc>
<status status="PASS" start="2024-02-27T12:28:08.447260" elapsed="3.560784"/>
</kw>
<test id="s1-t1" name="DeleteUser" line="89">
<kw name="Check Page">
<kw name="Wait Until Page Contains" owner="SeleniumLibrary">
<arg>${MainPage}</arg>
<doc>Waits until ``text`` appears on the current page.</doc>
<status status="PASS" start="2024-02-27T12:28:12.010044" elapsed="0.023578"/>
</kw>
<status status="PASS" start="2024-02-27T12:28:12.009045" elapsed="0.024577"/>
</kw>
<kw name="Click Login">
<kw name="Click Element" owner="SeleniumLibrary">
<msg time="2024-02-27T12:28:12.037152" level="INFO">Clicking element 'id=openInputBtn'.</msg>
<arg>${loginBtn}</arg>
<doc>Click the element identified by ``locator``.</doc>
<status status="PASS" start="2024-02-27T12:28:12.036149" elapsed="0.098879"/>
</kw>
<status status="PASS" start="2024-02-27T12:28:12.035132" elapsed="0.099896"/>
</kw>
<kw name="Input Email">
<kw name="Input Text" owner="SeleniumLibrary">
<msg time="2024-02-27T12:28:12.137215" level="INFO">Typing text 'tester2@gmail.com' into text field 'id=regiEmailInput'.</msg>
<arg>${emailInput}</arg>
<arg>${email}</arg>
<doc>Types the given ``text`` into the text field identified by ``locator``.</doc>
<status status="PASS" start="2024-02-27T12:28:12.136214" elapsed="0.204408"/>
</kw>
<arg>${email}</arg>
<status status="PASS" start="2024-02-27T12:28:12.136214" elapsed="0.204408"/>
</kw>
<kw name="Input password">
<kw name="Input Text" owner="SeleniumLibrary">
<msg time="2024-02-27T12:28:12.342623" level="INFO">Typing text '!Dd12345' into text field 'id=pwdLoginInput'.</msg>
<arg>${passwordLoginInput}</arg>
<arg>${password}</arg>
<doc>Types the given ``text`` into the text field identified by ``locator``.</doc>
<status status="PASS" start="2024-02-27T12:28:12.341623" elapsed="0.126362"/>
</kw>
<arg>${password}</arg>
<status status="PASS" start="2024-02-27T12:28:12.341623" elapsed="0.126362"/>
</kw>
<kw name="Click submitBtn">
<kw name="Click Button" owner="SeleniumLibrary">
<msg time="2024-02-27T12:28:12.470985" level="INFO">Clicking button 'id=submitLoginForm'.</msg>
<arg>${submitBtn}</arg>
<doc>Clicks the button identified by ``locator``.</doc>
<status status="PASS" start="2024-02-27T12:28:12.469985" elapsed="0.072221"/>
</kw>
<status status="PASS" start="2024-02-27T12:28:12.468986" elapsed="0.074221"/>
</kw>
<kw name="Check Login">
<kw name="Wait Until Page Contains Element" owner="SeleniumLibrary">
<arg>${login}</arg>
<doc>Waits until the element ``locator`` appears on the current page.</doc>
<status status="PASS" start="2024-02-27T12:28:12.544207" elapsed="1.656995"/>
</kw>
<status status="PASS" start="2024-02-27T12:28:12.543207" elapsed="1.658994"/>
</kw>
<kw name="Click BtnToProfile">
<kw name="Click Element" owner="SeleniumLibrary">
<msg time="2024-02-27T12:28:14.204202" level="INFO">Clicking element 'id=toProfile'.</msg>
<arg>${toProfile}</arg>
<doc>Click the element identified by ``locator``.</doc>
<status status="PASS" start="2024-02-27T12:28:14.204202" elapsed="0.822725"/>
</kw>
<status status="PASS" start="2024-02-27T12:28:14.203204" elapsed="0.824727"/>
</kw>
<kw name="Click ReClickEditBtn">
<kw name="Click Button" owner="SeleniumLibrary">
<msg time="2024-02-27T12:28:15.029930" level="INFO">Clicking button 'id=editProfileButton'.</msg>
<arg>${reClick}</arg>
<doc>Clicks the button identified by ``locator``.</doc>
<status status="PASS" start="2024-02-27T12:28:15.029930" elapsed="0.154955"/>
</kw>
<status status="PASS" start="2024-02-27T12:28:15.028931" elapsed="0.155954"/>
</kw>
<kw name="Click DeleteUser">
<kw name="Click Button" owner="SeleniumLibrary">
<msg time="2024-02-27T12:28:15.185908" level="INFO">Clicking button 'id=deleteUser'.</msg>
<arg>${deleteUserBtn}</arg>
<doc>Clicks the button identified by ``locator``.</doc>
<status status="PASS" start="2024-02-27T12:28:15.185908" elapsed="0.081922"/>
</kw>
<status status="PASS" start="2024-02-27T12:28:15.185908" elapsed="0.081922"/>
</kw>
<kw name="Click DeleteUserFinal">
<kw name="Click Button" owner="SeleniumLibrary">
<msg time="2024-02-27T12:28:15.270828" level="INFO">Clicking button 'id=deleteUserFinal'.</msg>
<arg>${deleteUserFinalBtn}</arg>
<doc>Clicks the button identified by ``locator``.</doc>
<status status="PASS" start="2024-02-27T12:28:15.269830" elapsed="0.065071"/>
</kw>
<status status="PASS" start="2024-02-27T12:28:15.268833" elapsed="0.067084"/>
</kw>
<status status="PASS" start="2024-02-27T12:28:12.008044" elapsed="3.327873"/>
</test>
<status status="PASS" start="2024-02-27T12:28:08.122748" elapsed="7.215528"/>
</suite>
<statistics>
<total>
<stat pass="1" fail="0" skip="0">All Tests</stat>
</total>
<tag>
</tag>
<suite>
<stat pass="1" fail="0" skip="0" id="s1" name="Profile">Profile</stat>
</suite>
</statistics>
<errors>
</errors>
</robot>
